<?xml version="1.0" encoding="UTF-8"?>
<testsuite name="org.gradle.buildsrc.BuildSrcClassTest" tests="1" skipped="0" failures="0" errors="0" timestamp="2017-10-12T08:00:11" hostname="Zhengs-MacBook-Pro-2.local" time="0.001">
  <properties/>
  <testcase name="canConstructBuildSrcClass" classname="org.gradle.buildsrc.BuildSrcClassTest" time="0.001"/>
  <system-out><![CDATA[]]></system-out>
  <system-err><![CDATA[]]></system-err>
</testsuite>
